<?xml version='1.0' encoding='UTF-8'?>
<result>
  <suites>
    <suite>
      <file>/home/rob/dev/scrumwise/work/jobs/Test Scrumwise/workspace/target/surefire-reports/TEST-InjectedTest.xml</file>
      <name>InjectedTest</name>
      <duration>2.0609999</duration>
      <cases>
        <case>
          <duration>0.043</duration>
          <className>org.jvnet.hudson.test.JellyTestSuiteBuilder$JellyCheck</className>
          <testName>index.jelly</testName>
          <skipped>false</skipped>
          <failedSince>0</failedSince>
        </case>
        <case>
          <duration>0.163</duration>
          <className>org.jvnet.hudson.test.JellyTestSuiteBuilder$JellyCheck</className>
          <testName>org\/jenkinsci\/plugins\/scrumwise\/HelloWorldBuilder\/global.jelly</testName>
          <skipped>false</skipped>
          <failedSince>0</failedSince>
        </case>
        <case>
          <duration>0.06</duration>
          <className>org.jvnet.hudson.test.JellyTestSuiteBuilder$JellyCheck</className>
          <testName>org\/jenkinsci\/plugins\/scrumwise\/HelloWorldBuilder\/config.jelly</testName>
          <skipped>false</skipped>
          <failedSince>0</failedSince>
        </case>
        <case>
          <duration>0.0</duration>
          <className>org.jvnet.hudson.test.junit.FailedTest</className>
          <testName>org.jvnet.hudson.test.JellyTestSuiteBuilder$JellyTestSuite</testName>
          <skipped>false</skipped>
          <failedSince>0</failedSince>
        </case>
        <case>
          <duration>1.795</duration>
          <className>org.jvnet.hudson.test.PluginAutomaticTestBuilder$CliSanityTest</className>
          <testName>testCliSanity</testName>
          <skipped>false</skipped>
          <failedSince>0</failedSince>
        </case>
      </cases>
    </suite>
    <suite>
      <file>/home/rob/dev/scrumwise/work/jobs/Test Scrumwise/workspace/target/surefire-reports/TEST-org.jenkinsci.plugins.scrumwise.HelloWorldBuilderTest.xml</file>
      <name>org.jenkinsci.plugins.scrumwise.HelloWorldBuilderTest</name>
      <duration>0.001</duration>
      <cases>
        <case>
          <duration>0.001</duration>
          <className>org.jenkinsci.plugins.scrumwise.HelloWorldBuilderTest</className>
          <testName>testGetEmail</testName>
          <skipped>false</skipped>
          <failedSince>0</failedSince>
        </case>
        <case>
          <duration>0.0</duration>
          <className>org.jenkinsci.plugins.scrumwise.HelloWorldBuilderTest</className>
          <testName>testGetProjectID</testName>
          <skipped>false</skipped>
          <failedSince>0</failedSince>
        </case>
        <case>
          <duration>0.0</duration>
          <className>org.jenkinsci.plugins.scrumwise.HelloWorldBuilderTest</className>
          <testName>testGetKey</testName>
          <skipped>false</skipped>
          <failedSince>0</failedSince>
        </case>
      </cases>
    </suite>
  </suites>
  <duration>2.0619998</duration>
  <keepLongStdio>false</keepLongStdio>
</result>